<?xml version="1.0" encoding="UTF-8"?>
<!-- Generated by org.testng.reporters.JUnitXMLReporter -->
<testsuite ignored="0" hostname="DESKTOP-H830QQ0" failures="0" tests="10" name="Surefire test" time="32.966" errors="0" timestamp="2022-06-22T08:37:35 CDT">
  <testcase classname="vrr.mvntestngitjenkins.tests.NewTest" name="fifthTest" time="0.0"/>
  <testcase classname="vrr.mvntestngitjenkins.tests.NewTest" name="fourthTest" time="0.0"/>
  <testcase classname="vrr.mvntestngitjenkins.tests.NewTest" name="homePageTest" time="4.13"/>
  <testcase classname="vrr.mvntestngitjenkins.tests.NewTest" name="secondTest" time="0.002"/>
  <testcase classname="vrr.mvntestngitjenkins.tests.NewTest" name="thirdTest" time="0.001"/>
  <testcase classname="vrr.mvntestngitjenkins.tests.Practice1Test" name="clickRB" time="6.174"/>
  <testcase classname="vrr.mvntestngitjenkins.tests.Practice1Test" name="selectFromDropdown" time="4.232"/>
  <testcase classname="vrr.mvntestngitjenkins.tests.Practice1Test" name="multiSelectExample" time="0.22"/>
  <testcase classname="vrr.mvntestngitjenkins.tests.Practice1Test" name="checkBoxExample" time="0.043"/>
  <testcase classname="vrr.mvntestngitjenkins.tests.Practice1Test" name="loginExample" time="4.246"/>
</testsuite> <!-- Surefire test -->
