<?xml version="1.0" encoding="UTF-8"?>
<!-- Generated by org.testng.reporters.JUnitXMLReporter -->
<testsuite ignored="0" hostname="DESKTOP-H830QQ0" failures="0" tests="5" name="Default test" time="24.125" errors="0" timestamp="2022-06-22T11:54:10 CDT">
  <testcase classname="vrr.mvntestngitjenkins.tests.Practice1Test" name="clickRB" time="6.161"/>
  <testcase classname="vrr.mvntestngitjenkins.tests.Practice1Test" name="selectFromDropdown" time="4.251"/>
  <testcase classname="vrr.mvntestngitjenkins.tests.Practice1Test" name="multiSelectExample" time="0.223"/>
  <testcase classname="vrr.mvntestngitjenkins.tests.Practice1Test" name="checkBoxExample" time="0.041"/>
  <testcase classname="vrr.mvntestngitjenkins.tests.Practice1Test" name="loginExample" time="4.282"/>
</testsuite> <!-- Default test -->
