<?xml version="1.0" encoding="UTF-8"?>
<!-- Generated by org.testng.reporters.JUnitXMLReporter -->
<testsuite ignored="0" hostname="DESKTOP-H830QQ0" failures="0" tests="10" name="Test" time="24.202" errors="0" timestamp="2022-06-22T12:45:52 CDT">
  <testcase classname="vrr.mvntestngitjenkins.tests.NewTest" name="fifthTest" time="0.001"/>
  <testcase classname="vrr.mvntestngitjenkins.tests.NewTest" name="fourthTest" time="0.001"/>
  <testcase classname="vrr.mvntestngitjenkins.tests.Practice1Test" name="clickRB" time="6.181"/>
  <testcase classname="vrr.mvntestngitjenkins.tests.NewTest" name="homePageTest" time="6.248"/>
  <testcase classname="vrr.mvntestngitjenkins.tests.NewTest" name="secondTest" time="0.0"/>
  <testcase classname="vrr.mvntestngitjenkins.tests.NewTest" name="thirdTest" time="0.001"/>
  <testcase classname="vrr.mvntestngitjenkins.tests.Practice1Test" name="selectFromDropdown" time="4.205"/>
  <testcase classname="vrr.mvntestngitjenkins.tests.Practice1Test" name="multiSelectExample" time="0.218"/>
  <testcase classname="vrr.mvntestngitjenkins.tests.Practice1Test" name="checkBoxExample" time="0.047"/>
  <testcase classname="vrr.mvntestngitjenkins.tests.Practice1Test" name="loginExample" time="4.183"/>
</testsuite> <!-- Test -->
