<?xml version="1.0" encoding="UTF-8"?>
<!-- Generated by org.testng.reporters.JUnitXMLReporter -->
<testsuite ignored="0" hostname="DESKTOP-H830QQ0" failures="0" tests="10" name="Test" time="28.861" errors="0" timestamp="2022-06-22T12:47:15 CDT">
  <testcase classname="vrr.mvntestngitjenkins.tests.NewTest" name="fifthTest" time="0.001"/>
  <testcase classname="vrr.mvntestngitjenkins.tests.NewTest" name="fourthTest" time="0.0"/>
  <testcase classname="vrr.mvntestngitjenkins.tests.Practice1Test" name="clickRB" time="6.169"/>
  <testcase classname="vrr.mvntestngitjenkins.tests.NewTest" name="homePageTest" time="12.959"/>
  <testcase classname="vrr.mvntestngitjenkins.tests.NewTest" name="secondTest" time="0.0"/>
  <testcase classname="vrr.mvntestngitjenkins.tests.NewTest" name="thirdTest" time="0.0"/>
  <testcase classname="vrr.mvntestngitjenkins.tests.Practice1Test" name="selectFromDropdown" time="4.221"/>
  <testcase classname="vrr.mvntestngitjenkins.tests.Practice1Test" name="multiSelectExample" time="0.231"/>
  <testcase classname="vrr.mvntestngitjenkins.tests.Practice1Test" name="checkBoxExample" time="0.041"/>
  <testcase classname="vrr.mvntestngitjenkins.tests.Practice1Test" name="loginExample" time="3.972"/>
</testsuite> <!-- Test -->
