<?xml version="1.0" encoding="UTF-8"?>
<testng-results ignored="0" total="10" passed="10" failed="0" skipped="0">
  <reporter-output>
  </reporter-output>
  <suite started-at="2022-06-22T12:46:46 CDT" name="Suite" finished-at="2022-06-22T12:47:15 CDT" duration-ms="28861">
    <groups>
      <group name="imp">
        <method signature="NewTest.fifthTest()[pri:0, instance:vrr.mvntestngitjenkins.tests.NewTest@7526515b]" name="fifthTest" class="vrr.mvntestngitjenkins.tests.NewTest"/>
        <method signature="NewTest.fourthTest()[pri:0, instance:vrr.mvntestngitjenkins.tests.NewTest@7526515b]" name="fourthTest" class="vrr.mvntestngitjenkins.tests.NewTest"/>
        <method signature="NewTest.secondTest()[pri:0, instance:vrr.mvntestngitjenkins.tests.NewTest@7526515b]" name="secondTest" class="vrr.mvntestngitjenkins.tests.NewTest"/>
        <method signature="NewTest.thirdTest()[pri:0, instance:vrr.mvntestngitjenkins.tests.NewTest@7526515b]" name="thirdTest" class="vrr.mvntestngitjenkins.tests.NewTest"/>
      </group> <!-- imp -->
    </groups>
    <test started-at="2022-06-22T12:46:46 CDT" name="Test" finished-at="2022-06-22T12:47:15 CDT" duration-ms="28861">
      <class name="vrr.mvntestngitjenkins.tests.Practice1Test">
        <test-method is-config="true" signature="beforeClass()[pri:0, instance:vrr.mvntestngitjenkins.tests.Practice1Test@2e8c1c9b]" started-at="2022-06-22T12:46:46 CDT" name="beforeClass" finished-at="2022-06-22T12:46:48 CDT" duration-ms="2268" status="PASS">
          <reporter-output>
          </reporter-output>
        </test-method> <!-- beforeClass -->
        <test-method is-config="true" signature="preRequisite()[pri:0, instance:vrr.mvntestngitjenkins.tests.Practice1Test@2e8c1c9b]" started-at="2022-06-22T12:46:48 CDT" name="preRequisite" finished-at="2022-06-22T12:46:51 CDT" duration-ms="2725" status="PASS">
          <reporter-output>
          </reporter-output>
        </test-method> <!-- preRequisite -->
        <test-method signature="clickRB()[pri:0, instance:vrr.mvntestngitjenkins.tests.Practice1Test@2e8c1c9b]" started-at="2022-06-22T12:46:51 CDT" name="clickRB" finished-at="2022-06-22T12:46:57 CDT" duration-ms="6169" status="PASS">
          <reporter-output>
          </reporter-output>
        </test-method> <!-- clickRB -->
        <test-method is-config="true" signature="preRequisite()[pri:0, instance:vrr.mvntestngitjenkins.tests.Practice1Test@2e8c1c9b]" started-at="2022-06-22T12:46:57 CDT" name="preRequisite" finished-at="2022-06-22T12:47:04 CDT" duration-ms="6423" status="PASS">
          <reporter-output>
          </reporter-output>
        </test-method> <!-- preRequisite -->
        <test-method signature="selectFromDropdown()[pri:1, instance:vrr.mvntestngitjenkins.tests.Practice1Test@2e8c1c9b]" started-at="2022-06-22T12:47:04 CDT" name="selectFromDropdown" finished-at="2022-06-22T12:47:08 CDT" duration-ms="4221" status="PASS">
          <reporter-output>
          </reporter-output>
        </test-method> <!-- selectFromDropdown -->
        <test-method is-config="true" signature="preRequisite()[pri:0, instance:vrr.mvntestngitjenkins.tests.Practice1Test@2e8c1c9b]" started-at="2022-06-22T12:47:08 CDT" name="preRequisite" finished-at="2022-06-22T12:47:09 CDT" duration-ms="946" status="PASS">
          <reporter-output>
          </reporter-output>
        </test-method> <!-- preRequisite -->
        <test-method signature="multiSelectExample()[pri:2, instance:vrr.mvntestngitjenkins.tests.Practice1Test@2e8c1c9b]" started-at="2022-06-22T12:47:09 CDT" name="multiSelectExample" finished-at="2022-06-22T12:47:09 CDT" duration-ms="231" status="PASS">
          <reporter-output>
          </reporter-output>
        </test-method> <!-- multiSelectExample -->
        <test-method is-config="true" signature="preRequisite()[pri:0, instance:vrr.mvntestngitjenkins.tests.Practice1Test@2e8c1c9b]" started-at="2022-06-22T12:47:09 CDT" name="preRequisite" finished-at="2022-06-22T12:47:10 CDT" duration-ms="1014" status="PASS">
          <reporter-output>
          </reporter-output>
        </test-method> <!-- preRequisite -->
        <test-method signature="checkBoxExample()[pri:3, instance:vrr.mvntestngitjenkins.tests.Practice1Test@2e8c1c9b]" started-at="2022-06-22T12:47:10 CDT" name="checkBoxExample" finished-at="2022-06-22T12:47:10 CDT" duration-ms="41" status="PASS">
          <reporter-output>
          </reporter-output>
        </test-method> <!-- checkBoxExample -->
        <test-method is-config="true" signature="preRequisite()[pri:0, instance:vrr.mvntestngitjenkins.tests.Practice1Test@2e8c1c9b]" started-at="2022-06-22T12:47:10 CDT" name="preRequisite" finished-at="2022-06-22T12:47:11 CDT" duration-ms="739" status="PASS">
          <reporter-output>
          </reporter-output>
        </test-method> <!-- preRequisite -->
        <test-method signature="loginExample()[pri:4, instance:vrr.mvntestngitjenkins.tests.Practice1Test@2e8c1c9b]" started-at="2022-06-22T12:47:11 CDT" name="loginExample" finished-at="2022-06-22T12:47:15 CDT" duration-ms="3972" status="PASS">
          <reporter-output>
          </reporter-output>
        </test-method> <!-- loginExample -->
        <test-method is-config="true" signature="closing()[pri:0, instance:vrr.mvntestngitjenkins.tests.Practice1Test@2e8c1c9b]" started-at="2022-06-22T12:47:15 CDT" name="closing" finished-at="2022-06-22T12:47:15 CDT" duration-ms="59" status="PASS">
          <reporter-output>
          </reporter-output>
        </test-method> <!-- closing -->
      </class> <!-- vrr.mvntestngitjenkins.tests.Practice1Test -->
      <class name="vrr.mvntestngitjenkins.tests.NewTest">
        <test-method is-config="true" signature="beforeClass()[pri:0, instance:vrr.mvntestngitjenkins.tests.NewTest@7526515b]" started-at="2022-06-22T12:46:46 CDT" name="beforeClass" finished-at="2022-06-22T12:46:48 CDT" duration-ms="2268" status="PASS">
          <reporter-output>
          </reporter-output>
        </test-method> <!-- beforeClass -->
        <test-method is-config="true" signature="preRequisite()[pri:0, instance:vrr.mvntestngitjenkins.tests.NewTest@7526515b]" started-at="2022-06-22T12:46:48 CDT" name="preRequisite" finished-at="2022-06-22T12:46:51 CDT" duration-ms="2548" status="PASS">
          <reporter-output>
          </reporter-output>
        </test-method> <!-- preRequisite -->
        <test-method signature="fifthTest()[pri:0, instance:vrr.mvntestngitjenkins.tests.NewTest@7526515b]" started-at="2022-06-22T12:46:51 CDT" name="fifthTest" finished-at="2022-06-22T12:46:51 CDT" duration-ms="1" status="PASS">
          <reporter-output>
          </reporter-output>
        </test-method> <!-- fifthTest -->
        <test-method is-config="true" signature="preRequisite()[pri:0, instance:vrr.mvntestngitjenkins.tests.NewTest@7526515b]" started-at="2022-06-22T12:46:51 CDT" name="preRequisite" finished-at="2022-06-22T12:46:51 CDT" duration-ms="649" status="PASS">
          <reporter-output>
          </reporter-output>
        </test-method> <!-- preRequisite -->
        <test-method signature="fourthTest()[pri:0, instance:vrr.mvntestngitjenkins.tests.NewTest@7526515b]" started-at="2022-06-22T12:46:51 CDT" name="fourthTest" finished-at="2022-06-22T12:46:51 CDT" duration-ms="0" status="PASS">
          <reporter-output>
          </reporter-output>
        </test-method> <!-- fourthTest -->
        <test-method is-config="true" signature="preRequisite()[pri:0, instance:vrr.mvntestngitjenkins.tests.NewTest@7526515b]" started-at="2022-06-22T12:46:51 CDT" name="preRequisite" finished-at="2022-06-22T12:46:52 CDT" duration-ms="724" status="PASS">
          <reporter-output>
          </reporter-output>
        </test-method> <!-- preRequisite -->
        <test-method signature="homePageTest()[pri:0, instance:vrr.mvntestngitjenkins.tests.NewTest@7526515b]" started-at="2022-06-22T12:46:52 CDT" name="homePageTest" finished-at="2022-06-22T12:47:05 CDT" duration-ms="12959" status="PASS">
          <reporter-output>
          </reporter-output>
        </test-method> <!-- homePageTest -->
        <test-method is-config="true" signature="preRequisite()[pri:0, instance:vrr.mvntestngitjenkins.tests.NewTest@7526515b]" started-at="2022-06-22T12:47:05 CDT" name="preRequisite" finished-at="2022-06-22T12:47:06 CDT" duration-ms="1073" status="PASS">
          <reporter-output>
          </reporter-output>
        </test-method> <!-- preRequisite -->
        <test-method signature="secondTest()[pri:0, instance:vrr.mvntestngitjenkins.tests.NewTest@7526515b]" started-at="2022-06-22T12:47:06 CDT" name="secondTest" finished-at="2022-06-22T12:47:06 CDT" duration-ms="0" status="PASS">
          <reporter-output>
          </reporter-output>
        </test-method> <!-- secondTest -->
        <test-method is-config="true" signature="preRequisite()[pri:0, instance:vrr.mvntestngitjenkins.tests.NewTest@7526515b]" started-at="2022-06-22T12:47:06 CDT" name="preRequisite" finished-at="2022-06-22T12:47:07 CDT" duration-ms="787" status="PASS">
          <reporter-output>
          </reporter-output>
        </test-method> <!-- preRequisite -->
        <test-method signature="thirdTest()[pri:0, instance:vrr.mvntestngitjenkins.tests.NewTest@7526515b]" started-at="2022-06-22T12:47:07 CDT" name="thirdTest" finished-at="2022-06-22T12:47:07 CDT" duration-ms="0" status="PASS">
          <reporter-output>
          </reporter-output>
        </test-method> <!-- thirdTest -->
        <test-method is-config="true" signature="closing()[pri:0, instance:vrr.mvntestngitjenkins.tests.NewTest@7526515b]" started-at="2022-06-22T12:47:07 CDT" name="closing" finished-at="2022-06-22T12:47:07 CDT" duration-ms="52" status="PASS">
          <reporter-output>
          </reporter-output>
        </test-method> <!-- closing -->
      </class> <!-- vrr.mvntestngitjenkins.tests.NewTest -->
    </test> <!-- Test -->
  </suite> <!-- Suite -->
</testng-results>
